<?xml version="1.0" encoding="UTF-8"?>
<testsuite name="be.ucll.gerechten.GerechtRepositoryIntegrationTest" tests="3" skipped="0" failures="0" errors="0" timestamp="2019-05-18T14:14:31" hostname="DESKTOP-Arne" time="0.478">
  <properties/>
  <testcase name="should_add_gerecht" classname="be.ucll.gerechten.GerechtRepositoryIntegrationTest" time="0.172"/>
  <testcase name="should_find_gerecht_by_given_name" classname="be.ucll.gerechten.GerechtRepositoryIntegrationTest" time="0.281"/>
  <testcase name="should_get_all_gerechten" classname="be.ucll.gerechten.GerechtRepositoryIntegrationTest" time="0.023"/>
  <system-out><![CDATA[2019-05-18 16:14:28.126  INFO 5744 --- [    Test worker] .b.t.c.SpringBootTestContextBootstrapper : Neither @ContextConfiguration nor @ContextHierarchy found for test class [be.ucll.gerechten.GerechtRepositoryIntegrationTest], using SpringBootContextLoader
2019-05-18 16:14:28.126  INFO 5744 --- [    Test worker] o.s.t.c.support.AbstractContextLoader    : Could not detect default resource locations for test class [be.ucll.gerechten.GerechtRepositoryIntegrationTest]: no resource found for suffixes {-context.xml, Context.groovy}.
2019-05-18 16:14:28.132  INFO 5744 --- [    Test worker] t.c.s.AnnotationConfigContextLoaderUtils : Could not detect default configuration classes for test class [be.ucll.gerechten.GerechtRepositoryIntegrationTest]: GerechtRepositoryIntegrationTest does not declare any static, non-private, non-final, nested classes annotated with @Configuration.
2019-05-18 16:14:28.145  INFO 5744 --- [    Test worker] .b.t.c.SpringBootTestContextBootstrapper : Found @SpringBootConfiguration be.ucll.gerechten.Application for test class be.ucll.gerechten.GerechtRepositoryIntegrationTest
2019-05-18 16:14:28.149  INFO 5744 --- [    Test worker] .b.t.c.SpringBootTestContextBootstrapper : Loaded default TestExecutionListener class names from location [META-INF/spring.factories]: [org.springframework.boot.test.autoconfigure.restdocs.RestDocsTestExecutionListener, org.springframework.boot.test.autoconfigure.web.client.MockRestServiceServerResetTestExecutionListener, org.springframework.boot.test.autoconfigure.web.servlet.MockMvcPrintOnlyOnFailureTestExecutionListener, org.springframework.boot.test.autoconfigure.web.servlet.WebDriverTestExecutionListener, org.springframework.boot.test.mock.mockito.MockitoTestExecutionListener, org.springframework.boot.test.mock.mockito.ResetMocksTestExecutionListener, org.springframework.test.context.web.ServletTestExecutionListener, org.springframework.test.context.support.DirtiesContextBeforeModesTestExecutionListener, org.springframework.test.context.support.DependencyInjectionTestExecutionListener, org.springframework.test.context.support.DirtiesContextTestExecutionListener, org.springframework.test.context.transaction.TransactionalTestExecutionListener, org.springframework.test.context.jdbc.SqlScriptsTestExecutionListener]
2019-05-18 16:14:28.149  INFO 5744 --- [    Test worker] .b.t.c.SpringBootTestContextBootstrapper : Using TestExecutionListeners: [org.springframework.test.context.web.ServletTestExecutionListener@27226755, org.springframework.test.context.support.DirtiesContextBeforeModesTestExecutionListener@44b44b6e, org.springframework.boot.test.mock.mockito.MockitoTestExecutionListener@7108012, org.springframework.boot.test.autoconfigure.SpringBootDependencyInjectionTestExecutionListener@7df3b32e, org.springframework.test.context.support.DirtiesContextTestExecutionListener@49df7b0a, org.springframework.test.context.transaction.TransactionalTestExecutionListener@2fd6b664, org.springframework.test.context.jdbc.SqlScriptsTestExecutionListener@2cc5b39c, org.springframework.boot.test.autoconfigure.restdocs.RestDocsTestExecutionListener@4ccf1fe9, org.springframework.boot.test.autoconfigure.web.client.MockRestServiceServerResetTestExecutionListener@7efa3a51, org.springframework.boot.test.autoconfigure.web.servlet.MockMvcPrintOnlyOnFailureTestExecutionListener@6405c67c, org.springframework.boot.test.autoconfigure.web.servlet.WebDriverTestExecutionListener@655dd033, org.springframework.boot.test.mock.mockito.ResetMocksTestExecutionListener@5159ab26]

  .   ____          _            __ _ _
 /\\ / ___'_ __ _ _(_)_ __  __ _ \ \ \ \
( ( )\___ | '_ | '_| | '_ \/ _` | \ \ \ \
 \\/  ___)| |_)| | | | | || (_| |  ) ) ) )
  '  |____| .__|_| |_|_| |_\__, | / / / /
 =========|_|==============|___/=/_/_/_/
 :: Spring Boot ::        (v2.0.5.RELEASE)

2019-05-18 16:14:28.224  INFO 5744 --- [    Test worker] b.u.g.GerechtRepositoryIntegrationTest   : Starting GerechtRepositoryIntegrationTest on DESKTOP-Arne with PID 5744 (started by arneb in C:\Users\arneb\Desktop\ip\Arne_Bauters)
2019-05-18 16:14:28.224  INFO 5744 --- [    Test worker] b.u.g.GerechtRepositoryIntegrationTest   : No active profile set, falling back to default profiles: default
2019-05-18 16:14:28.226  INFO 5744 --- [    Test worker] s.c.a.AnnotationConfigApplicationContext : Refreshing org.springframework.context.annotation.AnnotationConfigApplicationContext@28e84b49: startup date [Sat May 18 16:14:28 CEST 2019]; root of context hierarchy
2019-05-18 16:14:28.623  INFO 5744 --- [    Test worker] beddedDataSourceBeanFactoryPostProcessor : Replacing 'dataSource' DataSource bean with embedded version
2019-05-18 16:14:28.624  INFO 5744 --- [    Test worker] o.s.b.f.s.DefaultListableBeanFactory     : Overriding bean definition for bean 'dataSource' with a different definition: replacing [Root bean: class [null]; scope=; abstract=false; lazyInit=false; autowireMode=3; dependencyCheck=0; autowireCandidate=true; primary=false; factoryBeanName=org.springframework.boot.autoconfigure.jdbc.DataSourceConfiguration$Hikari; factoryMethodName=dataSource; initMethodName=null; destroyMethodName=(inferred); defined in class path resource [org/springframework/boot/autoconfigure/jdbc/DataSourceConfiguration$Hikari.class]] with [Root bean: class [org.springframework.boot.test.autoconfigure.jdbc.TestDatabaseAutoConfiguration$EmbeddedDataSourceFactoryBean]; scope=; abstract=false; lazyInit=false; autowireMode=0; dependencyCheck=0; autowireCandidate=true; primary=false; factoryBeanName=null; factoryMethodName=null; initMethodName=null; destroyMethodName=null]
2019-05-18 16:14:28.806  INFO 5744 --- [    Test worker] o.s.j.d.e.EmbeddedDatabaseFactory        : Starting embedded database: url='jdbc:h2:mem:df88bbe7-fb2b-49c6-b639-98ad20faff42;DB_CLOSE_DELAY=-1;DB_CLOSE_ON_EXIT=false', username='sa'
2019-05-18 16:14:29.259  INFO 5744 --- [    Test worker] j.LocalContainerEntityManagerFactoryBean : Building JPA container EntityManagerFactory for persistence unit 'default'
2019-05-18 16:14:29.290  INFO 5744 --- [    Test worker] o.hibernate.jpa.internal.util.LogHelper  : HHH000204: Processing PersistenceUnitInfo [
	name: default
	...]
2019-05-18 16:14:29.434  INFO 5744 --- [    Test worker] org.hibernate.Version                    : HHH000412: Hibernate Core {5.2.17.Final}
2019-05-18 16:14:29.435  INFO 5744 --- [    Test worker] org.hibernate.cfg.Environment            : HHH000206: hibernate.properties not found
2019-05-18 16:14:29.511  INFO 5744 --- [    Test worker] o.hibernate.annotations.common.Version   : HCANN000001: Hibernate Commons Annotations {5.0.1.Final}
2019-05-18 16:14:29.743  INFO 5744 --- [    Test worker] org.hibernate.dialect.Dialect            : HHH000400: Using dialect: org.hibernate.dialect.H2Dialect
2019-05-18 16:14:29.784  INFO 5744 --- [    Test worker] o.h.e.j.e.i.LobCreatorBuilderImpl        : HHH000422: Disabling contextual LOB creation as connection was null
Hibernate: drop table dag_menu if exists
Hibernate: drop table gerecht if exists
Hibernate: drop table week_menu if exists
Hibernate: drop table week_menu_dag_menus if exists
Hibernate: drop sequence if exists hibernate_sequence
Hibernate: create sequence hibernate_sequence start with 1 increment by 1
Hibernate: create table dag_menu (date date not null, day_name varchar(255), day_of_week integer not null, year_and_week_number integer not null, dagschotel_id integer, soep_id integer, veggie_id integer, primary key (date))
Hibernate: create table gerecht (id integer not null, name varchar(15) not null, price double not null, type integer not null, primary key (id))
Hibernate: create table week_menu (week_menu_id integer not null, primary key (week_menu_id))
Hibernate: create table week_menu_dag_menus (week_menu_week_menu_id integer not null, dag_menus_date date not null, day_number integer not null, primary key (week_menu_week_menu_id, day_number))
Hibernate: alter table week_menu_dag_menus add constraint UK_bw72d4f3pwd73s0vb97b5lyju unique (dag_menus_date)
Hibernate: alter table dag_menu add constraint FKiuxxhsun1c5p83q9wtmaqrqs3 foreign key (dagschotel_id) references gerecht
Hibernate: alter table dag_menu add constraint FKek0hocsqh7dsjmko7pmn4e6a5 foreign key (soep_id) references gerecht
Hibernate: alter table dag_menu add constraint FKqr5kc5y3f4mldwfqox0d7ch3d foreign key (veggie_id) references gerecht
Hibernate: alter table week_menu_dag_menus add constraint FKrbtkbso2ykxxl1vvv8ktsxuxk foreign key (dag_menus_date) references dag_menu
Hibernate: alter table week_menu_dag_menus add constraint FK15mofwgl3wwxsegm58pp3680l foreign key (week_menu_week_menu_id) references week_menu
2019-05-18 16:14:30.809  INFO 5744 --- [    Test worker] o.h.t.schema.internal.SchemaCreatorImpl  : HHH000476: Executing import script 'org.hibernate.tool.schema.internal.exec.ScriptSourceInputNonExistentImpl@6d651695'
2019-05-18 16:14:30.813  INFO 5744 --- [    Test worker] j.LocalContainerEntityManagerFactoryBean : Initialized JPA EntityManagerFactory for persistence unit 'default'
2019-05-18 16:14:31.579  INFO 5744 --- [    Test worker] b.u.g.GerechtRepositoryIntegrationTest   : Started GerechtRepositoryIntegrationTest in 3.43 seconds (JVM running for 8.597)
2019-05-18 16:14:31.789  INFO 5744 --- [    Test worker] o.s.t.c.transaction.TransactionContext   : Began transaction (1) for test context [DefaultTestContext@10ab7412 testClass = GerechtRepositoryIntegrationTest, testInstance = be.ucll.gerechten.GerechtRepositoryIntegrationTest@43409bb, testMethod = should_add_gerecht@GerechtRepositoryIntegrationTest, testException = [null], mergedContextConfiguration = [MergedContextConfiguration@54c9d132 testClass = GerechtRepositoryIntegrationTest, locations = '{}', classes = '{class be.ucll.gerechten.Application}', contextInitializerClasses = '[]', activeProfiles = '{}', propertySourceLocations = '{}', propertySourceProperties = '{org.springframework.boot.test.context.SpringBootTestContextBootstrapper=true}', contextCustomizers = set[org.springframework.boot.test.autoconfigure.OverrideAutoConfigurationContextCustomizerFactory$DisableAutoConfigurationContextCustomizer@4c81ed6, org.springframework.boot.test.autoconfigure.filter.TypeExcludeFiltersContextCustomizer@351584c0, org.springframework.boot.test.autoconfigure.properties.PropertyMappingContextCustomizer@b61987b4, org.springframework.boot.test.autoconfigure.web.servlet.WebDriverContextCustomizerFactory$Customizer@b9d595a, [ImportsContextCustomizer@148a9a13 key = [org.springframework.boot.autoconfigure.cache.CacheAutoConfiguration, org.springframework.boot.autoconfigure.data.jpa.JpaRepositoriesAutoConfiguration, org.springframework.boot.autoconfigure.flyway.FlywayAutoConfiguration, org.springframework.boot.autoconfigure.jdbc.DataSourceAutoConfiguration, org.springframework.boot.autoconfigure.jdbc.DataSourceTransactionManagerAutoConfiguration, org.springframework.boot.autoconfigure.jdbc.JdbcTemplateAutoConfiguration, org.springframework.boot.autoconfigure.liquibase.LiquibaseAutoConfiguration, org.springframework.boot.autoconfigure.orm.jpa.HibernateJpaAutoConfiguration, org.springframework.boot.autoconfigure.transaction.TransactionAutoConfiguration, org.springframework.boot.test.autoconfigure.jdbc.TestDatabaseAutoConfiguration, org.springframework.boot.test.autoconfigure.orm.jpa.TestEntityManagerAutoConfiguration]], org.springframework.boot.test.context.filter.ExcludeFilterContextCustomizer@53328a82, org.springframework.boot.test.json.DuplicateJsonObjectContextCustomizerFactory$DuplicateJsonObjectContextCustomizer@1f21c34a, org.springframework.boot.test.mock.mockito.MockitoContextCustomizer@0], contextLoader = 'org.springframework.boot.test.context.SpringBootContextLoader', parent = [null]], attributes = map[[empty]]]; transaction manager [org.springframework.orm.jpa.JpaTransactionManager@32560f54]; rollback [true]
Hibernate: call next value for hibernate_sequence
2019-05-18 16:14:31.950  INFO 5744 --- [    Test worker] o.s.t.c.transaction.TransactionContext   : Rolled back transaction for test: [DefaultTestContext@10ab7412 testClass = GerechtRepositoryIntegrationTest, testInstance = be.ucll.gerechten.GerechtRepositoryIntegrationTest@43409bb, testMethod = should_add_gerecht@GerechtRepositoryIntegrationTest, testException = [null], mergedContextConfiguration = [MergedContextConfiguration@54c9d132 testClass = GerechtRepositoryIntegrationTest, locations = '{}', classes = '{class be.ucll.gerechten.Application}', contextInitializerClasses = '[]', activeProfiles = '{}', propertySourceLocations = '{}', propertySourceProperties = '{org.springframework.boot.test.context.SpringBootTestContextBootstrapper=true}', contextCustomizers = set[org.springframework.boot.test.autoconfigure.OverrideAutoConfigurationContextCustomizerFactory$DisableAutoConfigurationContextCustomizer@4c81ed6, org.springframework.boot.test.autoconfigure.filter.TypeExcludeFiltersContextCustomizer@351584c0, org.springframework.boot.test.autoconfigure.properties.PropertyMappingContextCustomizer@b61987b4, org.springframework.boot.test.autoconfigure.web.servlet.WebDriverContextCustomizerFactory$Customizer@b9d595a, [ImportsContextCustomizer@148a9a13 key = [org.springframework.boot.autoconfigure.cache.CacheAutoConfiguration, org.springframework.boot.autoconfigure.data.jpa.JpaRepositoriesAutoConfiguration, org.springframework.boot.autoconfigure.flyway.FlywayAutoConfiguration, org.springframework.boot.autoconfigure.jdbc.DataSourceAutoConfiguration, org.springframework.boot.autoconfigure.jdbc.DataSourceTransactionManagerAutoConfiguration, org.springframework.boot.autoconfigure.jdbc.JdbcTemplateAutoConfiguration, org.springframework.boot.autoconfigure.liquibase.LiquibaseAutoConfiguration, org.springframework.boot.autoconfigure.orm.jpa.HibernateJpaAutoConfiguration, org.springframework.boot.autoconfigure.transaction.TransactionAutoConfiguration, org.springframework.boot.test.autoconfigure.jdbc.TestDatabaseAutoConfiguration, org.springframework.boot.test.autoconfigure.orm.jpa.TestEntityManagerAutoConfiguration]], org.springframework.boot.test.context.filter.ExcludeFilterContextCustomizer@53328a82, org.springframework.boot.test.json.DuplicateJsonObjectContextCustomizerFactory$DuplicateJsonObjectContextCustomizer@1f21c34a, org.springframework.boot.test.mock.mockito.MockitoContextCustomizer@0], contextLoader = 'org.springframework.boot.test.context.SpringBootContextLoader', parent = [null]], attributes = map[[empty]]]
2019-05-18 16:14:31.955  INFO 5744 --- [    Test worker] o.s.t.c.transaction.TransactionContext   : Began transaction (1) for test context [DefaultTestContext@10ab7412 testClass = GerechtRepositoryIntegrationTest, testInstance = be.ucll.gerechten.GerechtRepositoryIntegrationTest@7225f2b7, testMethod = should_find_gerecht_by_given_name@GerechtRepositoryIntegrationTest, testException = [null], mergedContextConfiguration = [MergedContextConfiguration@54c9d132 testClass = GerechtRepositoryIntegrationTest, locations = '{}', classes = '{class be.ucll.gerechten.Application}', contextInitializerClasses = '[]', activeProfiles = '{}', propertySourceLocations = '{}', propertySourceProperties = '{org.springframework.boot.test.context.SpringBootTestContextBootstrapper=true}', contextCustomizers = set[org.springframework.boot.test.autoconfigure.OverrideAutoConfigurationContextCustomizerFactory$DisableAutoConfigurationContextCustomizer@4c81ed6, org.springframework.boot.test.autoconfigure.filter.TypeExcludeFiltersContextCustomizer@351584c0, org.springframework.boot.test.autoconfigure.properties.PropertyMappingContextCustomizer@b61987b4, org.springframework.boot.test.autoconfigure.web.servlet.WebDriverContextCustomizerFactory$Customizer@b9d595a, [ImportsContextCustomizer@148a9a13 key = [org.springframework.boot.autoconfigure.cache.CacheAutoConfiguration, org.springframework.boot.autoconfigure.data.jpa.JpaRepositoriesAutoConfiguration, org.springframework.boot.autoconfigure.flyway.FlywayAutoConfiguration, org.springframework.boot.autoconfigure.jdbc.DataSourceAutoConfiguration, org.springframework.boot.autoconfigure.jdbc.DataSourceTransactionManagerAutoConfiguration, org.springframework.boot.autoconfigure.jdbc.JdbcTemplateAutoConfiguration, org.springframework.boot.autoconfigure.liquibase.LiquibaseAutoConfiguration, org.springframework.boot.autoconfigure.orm.jpa.HibernateJpaAutoConfiguration, org.springframework.boot.autoconfigure.transaction.TransactionAutoConfiguration, org.springframework.boot.test.autoconfigure.jdbc.TestDatabaseAutoConfiguration, org.springframework.boot.test.autoconfigure.orm.jpa.TestEntityManagerAutoConfiguration]], org.springframework.boot.test.context.filter.ExcludeFilterContextCustomizer@53328a82, org.springframework.boot.test.json.DuplicateJsonObjectContextCustomizerFactory$DuplicateJsonObjectContextCustomizer@1f21c34a, org.springframework.boot.test.mock.mockito.MockitoContextCustomizer@0], contextLoader = 'org.springframework.boot.test.context.SpringBootContextLoader', parent = [null]], attributes = map[[empty]]]; transaction manager [org.springframework.orm.jpa.JpaTransactionManager@32560f54]; rollback [true]
Hibernate: call next value for hibernate_sequence
Hibernate: insert into gerecht (name, price, type, id) values (?, ?, ?, ?)
2019-05-18 16:14:32.018  INFO 5744 --- [    Test worker] o.h.h.i.QueryTranslatorFactoryInitiator  : HHH000397: Using ASTQueryTranslatorFactory
Hibernate: select gerecht0_.id as id1_1_, gerecht0_.name as name2_1_, gerecht0_.price as price3_1_, gerecht0_.type as type4_1_ from gerecht gerecht0_ where gerecht0_.name=?
2019-05-18 16:14:32.233  INFO 5744 --- [    Test worker] o.s.t.c.transaction.TransactionContext   : Rolled back transaction for test: [DefaultTestContext@10ab7412 testClass = GerechtRepositoryIntegrationTest, testInstance = be.ucll.gerechten.GerechtRepositoryIntegrationTest@7225f2b7, testMethod = should_find_gerecht_by_given_name@GerechtRepositoryIntegrationTest, testException = [null], mergedContextConfiguration = [MergedContextConfiguration@54c9d132 testClass = GerechtRepositoryIntegrationTest, locations = '{}', classes = '{class be.ucll.gerechten.Application}', contextInitializerClasses = '[]', activeProfiles = '{}', propertySourceLocations = '{}', propertySourceProperties = '{org.springframework.boot.test.context.SpringBootTestContextBootstrapper=true}', contextCustomizers = set[org.springframework.boot.test.autoconfigure.OverrideAutoConfigurationContextCustomizerFactory$DisableAutoConfigurationContextCustomizer@4c81ed6, org.springframework.boot.test.autoconfigure.filter.TypeExcludeFiltersContextCustomizer@351584c0, org.springframework.boot.test.autoconfigure.properties.PropertyMappingContextCustomizer@b61987b4, org.springframework.boot.test.autoconfigure.web.servlet.WebDriverContextCustomizerFactory$Customizer@b9d595a, [ImportsContextCustomizer@148a9a13 key = [org.springframework.boot.autoconfigure.cache.CacheAutoConfiguration, org.springframework.boot.autoconfigure.data.jpa.JpaRepositoriesAutoConfiguration, org.springframework.boot.autoconfigure.flyway.FlywayAutoConfiguration, org.springframework.boot.autoconfigure.jdbc.DataSourceAutoConfiguration, org.springframework.boot.autoconfigure.jdbc.DataSourceTransactionManagerAutoConfiguration, org.springframework.boot.autoconfigure.jdbc.JdbcTemplateAutoConfiguration, org.springframework.boot.autoconfigure.liquibase.LiquibaseAutoConfiguration, org.springframework.boot.autoconfigure.orm.jpa.HibernateJpaAutoConfiguration, org.springframework.boot.autoconfigure.transaction.TransactionAutoConfiguration, org.springframework.boot.test.autoconfigure.jdbc.TestDatabaseAutoConfiguration, org.springframework.boot.test.autoconfigure.orm.jpa.TestEntityManagerAutoConfiguration]], org.springframework.boot.test.context.filter.ExcludeFilterContextCustomizer@53328a82, org.springframework.boot.test.json.DuplicateJsonObjectContextCustomizerFactory$DuplicateJsonObjectContextCustomizer@1f21c34a, org.springframework.boot.test.mock.mockito.MockitoContextCustomizer@0], contextLoader = 'org.springframework.boot.test.context.SpringBootContextLoader', parent = [null]], attributes = map[[empty]]]
2019-05-18 16:14:32.239  INFO 5744 --- [    Test worker] o.s.t.c.transaction.TransactionContext   : Began transaction (1) for test context [DefaultTestContext@10ab7412 testClass = GerechtRepositoryIntegrationTest, testInstance = be.ucll.gerechten.GerechtRepositoryIntegrationTest@6b7dfcfc, testMethod = should_get_all_gerechten@GerechtRepositoryIntegrationTest, testException = [null], mergedContextConfiguration = [MergedContextConfiguration@54c9d132 testClass = GerechtRepositoryIntegrationTest, locations = '{}', classes = '{class be.ucll.gerechten.Application}', contextInitializerClasses = '[]', activeProfiles = '{}', propertySourceLocations = '{}', propertySourceProperties = '{org.springframework.boot.test.context.SpringBootTestContextBootstrapper=true}', contextCustomizers = set[org.springframework.boot.test.autoconfigure.OverrideAutoConfigurationContextCustomizerFactory$DisableAutoConfigurationContextCustomizer@4c81ed6, org.springframework.boot.test.autoconfigure.filter.TypeExcludeFiltersContextCustomizer@351584c0, org.springframework.boot.test.autoconfigure.properties.PropertyMappingContextCustomizer@b61987b4, org.springframework.boot.test.autoconfigure.web.servlet.WebDriverContextCustomizerFactory$Customizer@b9d595a, [ImportsContextCustomizer@148a9a13 key = [org.springframework.boot.autoconfigure.cache.CacheAutoConfiguration, org.springframework.boot.autoconfigure.data.jpa.JpaRepositoriesAutoConfiguration, org.springframework.boot.autoconfigure.flyway.FlywayAutoConfiguration, org.springframework.boot.autoconfigure.jdbc.DataSourceAutoConfiguration, org.springframework.boot.autoconfigure.jdbc.DataSourceTransactionManagerAutoConfiguration, org.springframework.boot.autoconfigure.jdbc.JdbcTemplateAutoConfiguration, org.springframework.boot.autoconfigure.liquibase.LiquibaseAutoConfiguration, org.springframework.boot.autoconfigure.orm.jpa.HibernateJpaAutoConfiguration, org.springframework.boot.autoconfigure.transaction.TransactionAutoConfiguration, org.springframework.boot.test.autoconfigure.jdbc.TestDatabaseAutoConfiguration, org.springframework.boot.test.autoconfigure.orm.jpa.TestEntityManagerAutoConfiguration]], org.springframework.boot.test.context.filter.ExcludeFilterContextCustomizer@53328a82, org.springframework.boot.test.json.DuplicateJsonObjectContextCustomizerFactory$DuplicateJsonObjectContextCustomizer@1f21c34a, org.springframework.boot.test.mock.mockito.MockitoContextCustomizer@0], contextLoader = 'org.springframework.boot.test.context.SpringBootContextLoader', parent = [null]], attributes = map[[empty]]]; transaction manager [org.springframework.orm.jpa.JpaTransactionManager@32560f54]; rollback [true]
Hibernate: call next value for hibernate_sequence
Hibernate: insert into gerecht (name, price, type, id) values (?, ?, ?, ?)
Hibernate: call next value for hibernate_sequence
Hibernate: insert into gerecht (name, price, type, id) values (?, ?, ?, ?)
Hibernate: select gerecht0_.id as id1_1_, gerecht0_.name as name2_1_, gerecht0_.price as price3_1_, gerecht0_.type as type4_1_ from gerecht gerecht0_
2019-05-18 16:14:32.256  INFO 5744 --- [    Test worker] o.s.t.c.transaction.TransactionContext   : Rolled back transaction for test: [DefaultTestContext@10ab7412 testClass = GerechtRepositoryIntegrationTest, testInstance = be.ucll.gerechten.GerechtRepositoryIntegrationTest@6b7dfcfc, testMethod = should_get_all_gerechten@GerechtRepositoryIntegrationTest, testException = [null], mergedContextConfiguration = [MergedContextConfiguration@54c9d132 testClass = GerechtRepositoryIntegrationTest, locations = '{}', classes = '{class be.ucll.gerechten.Application}', contextInitializerClasses = '[]', activeProfiles = '{}', propertySourceLocations = '{}', propertySourceProperties = '{org.springframework.boot.test.context.SpringBootTestContextBootstrapper=true}', contextCustomizers = set[org.springframework.boot.test.autoconfigure.OverrideAutoConfigurationContextCustomizerFactory$DisableAutoConfigurationContextCustomizer@4c81ed6, org.springframework.boot.test.autoconfigure.filter.TypeExcludeFiltersContextCustomizer@351584c0, org.springframework.boot.test.autoconfigure.properties.PropertyMappingContextCustomizer@b61987b4, org.springframework.boot.test.autoconfigure.web.servlet.WebDriverContextCustomizerFactory$Customizer@b9d595a, [ImportsContextCustomizer@148a9a13 key = [org.springframework.boot.autoconfigure.cache.CacheAutoConfiguration, org.springframework.boot.autoconfigure.data.jpa.JpaRepositoriesAutoConfiguration, org.springframework.boot.autoconfigure.flyway.FlywayAutoConfiguration, org.springframework.boot.autoconfigure.jdbc.DataSourceAutoConfiguration, org.springframework.boot.autoconfigure.jdbc.DataSourceTransactionManagerAutoConfiguration, org.springframework.boot.autoconfigure.jdbc.JdbcTemplateAutoConfiguration, org.springframework.boot.autoconfigure.liquibase.LiquibaseAutoConfiguration, org.springframework.boot.autoconfigure.orm.jpa.HibernateJpaAutoConfiguration, org.springframework.boot.autoconfigure.transaction.TransactionAutoConfiguration, org.springframework.boot.test.autoconfigure.jdbc.TestDatabaseAutoConfiguration, org.springframework.boot.test.autoconfigure.orm.jpa.TestEntityManagerAutoConfiguration]], org.springframework.boot.test.context.filter.ExcludeFilterContextCustomizer@53328a82, org.springframework.boot.test.json.DuplicateJsonObjectContextCustomizerFactory$DuplicateJsonObjectContextCustomizer@1f21c34a, org.springframework.boot.test.mock.mockito.MockitoContextCustomizer@0], contextLoader = 'org.springframework.boot.test.context.SpringBootContextLoader', parent = [null]], attributes = map[[empty]]]
]]></system-out>
  <system-err><![CDATA[]]></system-err>
</testsuite>
