<?xml version="1.0" encoding="UTF-8"?>
<testsuite name="be.ucll.gerechten.ServiceUnitTest" tests="7" skipped="0" failures="0" errors="0" timestamp="2019-05-18T14:14:32" hostname="DESKTOP-Arne" time="0.051">
  <properties/>
  <testcase name="should_add_gerecht" classname="be.ucll.gerechten.ServiceUnitTest" time="0.006"/>
  <testcase name="given_gerecht_should_be_removed" classname="be.ucll.gerechten.ServiceUnitTest" time="0.007"/>
  <testcase name="add_gerecht_should_throw_IllegalArgument" classname="be.ucll.gerechten.ServiceUnitTest" time="0.003"/>
  <testcase name="updating_gerecht_should_update_gerecht" classname="be.ucll.gerechten.ServiceUnitTest" time="0.002"/>
  <testcase name="should_get_all_Gerechts" classname="be.ucll.gerechten.ServiceUnitTest" time="0.019"/>
  <testcase name="removing_gerecht_not_in_repo_should_throw_Execption" classname="be.ucll.gerechten.ServiceUnitTest" time="0.001"/>
  <testcase name="should_find_Gerecht_by_given_name" classname="be.ucll.gerechten.ServiceUnitTest" time="0.005"/>
  <system-out><![CDATA[2019-05-18 16:14:32.265  INFO 5744 --- [    Test worker] o.s.t.c.s.DefaultTestContextBootstrapper : Neither @ContextConfiguration nor @ContextHierarchy found for test class [be.ucll.gerechten.ServiceUnitTest], using DelegatingSmartContextLoader
2019-05-18 16:14:32.265  INFO 5744 --- [    Test worker] o.s.t.c.support.AbstractContextLoader    : Could not detect default resource locations for test class [be.ucll.gerechten.ServiceUnitTest]: no resource found for suffixes {-context.xml}.
2019-05-18 16:14:32.268  INFO 5744 --- [    Test worker] c.s.AbstractDelegatingSmartContextLoader : AnnotationConfigContextLoader detected default configuration classes for context configuration [ContextConfigurationAttributes@37b86c8d declaringClass = 'be.ucll.gerechten.ServiceUnitTest', classes = '{class be.ucll.gerechten.ServiceUnitTest$ServiceUnitTestContextConfiguration}', locations = '{}', inheritLocations = false, initializers = '{}', inheritInitializers = true, name = [null], contextLoaderClass = 'org.springframework.test.context.ContextLoader'].
2019-05-18 16:14:32.271  INFO 5744 --- [    Test worker] o.s.t.c.s.DefaultTestContextBootstrapper : Loaded default TestExecutionListener class names from location [META-INF/spring.factories]: [org.springframework.boot.test.autoconfigure.restdocs.RestDocsTestExecutionListener, org.springframework.boot.test.autoconfigure.web.client.MockRestServiceServerResetTestExecutionListener, org.springframework.boot.test.autoconfigure.web.servlet.MockMvcPrintOnlyOnFailureTestExecutionListener, org.springframework.boot.test.autoconfigure.web.servlet.WebDriverTestExecutionListener, org.springframework.boot.test.mock.mockito.MockitoTestExecutionListener, org.springframework.boot.test.mock.mockito.ResetMocksTestExecutionListener, org.springframework.test.context.web.ServletTestExecutionListener, org.springframework.test.context.support.DirtiesContextBeforeModesTestExecutionListener, org.springframework.test.context.support.DependencyInjectionTestExecutionListener, org.springframework.test.context.support.DirtiesContextTestExecutionListener, org.springframework.test.context.transaction.TransactionalTestExecutionListener, org.springframework.test.context.jdbc.SqlScriptsTestExecutionListener]
2019-05-18 16:14:32.271  INFO 5744 --- [    Test worker] o.s.t.c.s.DefaultTestContextBootstrapper : Using TestExecutionListeners: [org.springframework.test.context.web.ServletTestExecutionListener@555cd505, org.springframework.test.context.support.DirtiesContextBeforeModesTestExecutionListener@325a6f30, org.springframework.boot.test.mock.mockito.MockitoTestExecutionListener@4672b1f2, org.springframework.test.context.support.DependencyInjectionTestExecutionListener@5f660e65, org.springframework.test.context.support.DirtiesContextTestExecutionListener@6ca11c71, org.springframework.test.context.transaction.TransactionalTestExecutionListener@d63cd3a, org.springframework.test.context.jdbc.SqlScriptsTestExecutionListener@5ecd1045, org.springframework.boot.test.autoconfigure.restdocs.RestDocsTestExecutionListener@313728df, org.springframework.boot.test.autoconfigure.web.client.MockRestServiceServerResetTestExecutionListener@5591e81c, org.springframework.boot.test.autoconfigure.web.servlet.MockMvcPrintOnlyOnFailureTestExecutionListener@4688f589, org.springframework.boot.test.autoconfigure.web.servlet.WebDriverTestExecutionListener@70f18a25, org.springframework.boot.test.mock.mockito.ResetMocksTestExecutionListener@78882534]
2019-05-18 16:14:32.275  INFO 5744 --- [    Test worker] o.s.c.support.GenericApplicationContext  : Refreshing org.springframework.context.support.GenericApplicationContext@5ffa68a6: startup date [Sat May 18 16:14:32 CEST 2019]; root of context hierarchy
]]></system-out>
  <system-err><![CDATA[]]></system-err>
</testsuite>
