<?xml version="1.0" encoding="UTF-8"?>
<testsuite name="be.ucll.gerechten.ServiceUnitTest" tests="7" skipped="0" failures="0" errors="0" timestamp="2019-05-15T08:52:23" hostname="DESKTOP-Arne" time="0.033">
  <properties/>
  <testcase name="should_add_gerecht" classname="be.ucll.gerechten.ServiceUnitTest" time="0.005"/>
  <testcase name="given_gerecht_should_be_removed" classname="be.ucll.gerechten.ServiceUnitTest" time="0.004"/>
  <testcase name="add_gerecht_should_throw_IllegalArgument" classname="be.ucll.gerechten.ServiceUnitTest" time="0.002"/>
  <testcase name="updating_gerecht_should_update_gerecht" classname="be.ucll.gerechten.ServiceUnitTest" time="0.001"/>
  <testcase name="should_get_all_Gerechts" classname="be.ucll.gerechten.ServiceUnitTest" time="0.012"/>
  <testcase name="removing_gerecht_not_in_repo_should_throw_Execption" classname="be.ucll.gerechten.ServiceUnitTest" time="0.002"/>
  <testcase name="should_find_Gerecht_by_given_name" classname="be.ucll.gerechten.ServiceUnitTest" time="0.001"/>
  <system-out><![CDATA[2019-05-15 10:52:23.071  INFO 8596 --- [    Test worker] o.s.t.c.s.DefaultTestContextBootstrapper : Neither @ContextConfiguration nor @ContextHierarchy found for test class [be.ucll.gerechten.ServiceUnitTest], using DelegatingSmartContextLoader
2019-05-15 10:52:23.072  INFO 8596 --- [    Test worker] o.s.t.c.support.AbstractContextLoader    : Could not detect default resource locations for test class [be.ucll.gerechten.ServiceUnitTest]: no resource found for suffixes {-context.xml}.
2019-05-15 10:52:23.075  INFO 8596 --- [    Test worker] c.s.AbstractDelegatingSmartContextLoader : AnnotationConfigContextLoader detected default configuration classes for context configuration [ContextConfigurationAttributes@d0b816b declaringClass = 'be.ucll.gerechten.ServiceUnitTest', classes = '{class be.ucll.gerechten.ServiceUnitTest$ServiceUnitTestContextConfiguration}', locations = '{}', inheritLocations = false, initializers = '{}', inheritInitializers = true, name = [null], contextLoaderClass = 'org.springframework.test.context.ContextLoader'].
2019-05-15 10:52:23.076  INFO 8596 --- [    Test worker] o.s.t.c.s.DefaultTestContextBootstrapper : Loaded default TestExecutionListener class names from location [META-INF/spring.factories]: [org.springframework.boot.test.autoconfigure.restdocs.RestDocsTestExecutionListener, org.springframework.boot.test.autoconfigure.web.client.MockRestServiceServerResetTestExecutionListener, org.springframework.boot.test.autoconfigure.web.servlet.MockMvcPrintOnlyOnFailureTestExecutionListener, org.springframework.boot.test.autoconfigure.web.servlet.WebDriverTestExecutionListener, org.springframework.boot.test.mock.mockito.MockitoTestExecutionListener, org.springframework.boot.test.mock.mockito.ResetMocksTestExecutionListener, org.springframework.test.context.web.ServletTestExecutionListener, org.springframework.test.context.support.DirtiesContextBeforeModesTestExecutionListener, org.springframework.test.context.support.DependencyInjectionTestExecutionListener, org.springframework.test.context.support.DirtiesContextTestExecutionListener, org.springframework.test.context.transaction.TransactionalTestExecutionListener, org.springframework.test.context.jdbc.SqlScriptsTestExecutionListener]
2019-05-15 10:52:23.077  INFO 8596 --- [    Test worker] o.s.t.c.s.DefaultTestContextBootstrapper : Using TestExecutionListeners: [org.springframework.test.context.web.ServletTestExecutionListener@5570ca35, org.springframework.test.context.support.DirtiesContextBeforeModesTestExecutionListener@46cc64f6, org.springframework.boot.test.mock.mockito.MockitoTestExecutionListener@179da59d, org.springframework.test.context.support.DependencyInjectionTestExecutionListener@7086d600, org.springframework.test.context.support.DirtiesContextTestExecutionListener@23f48b47, org.springframework.test.context.transaction.TransactionalTestExecutionListener@6baa01b, org.springframework.test.context.jdbc.SqlScriptsTestExecutionListener@7c715c1c, org.springframework.boot.test.autoconfigure.restdocs.RestDocsTestExecutionListener@3a81b344, org.springframework.boot.test.autoconfigure.web.client.MockRestServiceServerResetTestExecutionListener@3d28b9e0, org.springframework.boot.test.autoconfigure.web.servlet.MockMvcPrintOnlyOnFailureTestExecutionListener@6e416c26, org.springframework.boot.test.autoconfigure.web.servlet.WebDriverTestExecutionListener@18264c4e, org.springframework.boot.test.mock.mockito.ResetMocksTestExecutionListener@2f8ad79d]
2019-05-15 10:52:23.080  INFO 8596 --- [    Test worker] o.s.c.support.GenericApplicationContext  : Refreshing org.springframework.context.support.GenericApplicationContext@183e8495: startup date [Wed May 15 10:52:23 CEST 2019]; root of context hierarchy
]]></system-out>
  <system-err><![CDATA[]]></system-err>
</testsuite>
